1: package com.ligh.reflect;
2: 
3: import java.lang.reflect.Method;
4: 
5: public class GetMethod{
6: 	private int f1(Object p,int x)throws NullPointerException{
7: 		if(p == null)
8: 			throw new NullPointerException();
9: 		return x;
10: 	}
11: 	public static void main(String[] args) {
12: 		// TODO Auto-generated method stub
13: 		try {
14: 			Class cls = Class.forName("com.ligh.reflect.GetMethod");
15: 			Method mlist[] = cls.getDeclaredMethods();
16: 			for(int i=0;i< mlist.length;i++){
17: 				Method m = mlist[i];
18: 				System.out.println("name:"+m.getName());
19: 				System.out.println("class="+m.getDeclaringClass());
20: 				
21: 				Class pvec[] = m.getParameterTypes();
22: 				for(int j=0;j<pvec.length;j++){
23: 					System.out.println("param#"+j+" "+pvec[j]);
24: 				}
25: 				
26: 				Class evec[] = m.getExceptionTypes();
27: 				for(int j=0;j<evec.length;j++)
28: 					System.out.println("Exception*"+j+""+evec[j]);
29: 				System.out.println("Return Type:"+m.getReturnType());
30: 				
31: 			}
32: 		} catch (Throwable e) {
33: 			// TODO Auto-generated catch block
34: 			System.err.println(e);
35: 		}
36: 	}
37: 
38: }
